<?xml version="1.0" encoding="UTF-8"?>
<!-- Generated by org.testng.reporters.JUnitReportReporter -->
<testsuite hostname="admin-PC" name="com.santosh.selenium.Selenium.NewTest" tests="1" failures="0" timestamp="18 Nov 2015 22:03:43 GMT" time="0.001" errors="0">
  <testcase name="f" time="0.001" classname="com.santosh.selenium.Selenium.NewTest"/>
</testsuite> <!-- com.santosh.selenium.Selenium.NewTest -->
